SF:lib/main.dart
DA:4,1
DA:5,1
DA:6,1
DA:10,1
DA:13,1
DA:15,1
DA:17,1
DA:23,0
DA:36,0
DA:37,0
DA:43,0
DA:44,0
DA:50,0
DA:54,0
DA:62,0
DA:63,0
DA:67,0
DA:70,0
DA:72,0
DA:75,0
DA:90,0
DA:91,0
LF:22
LH:7
end_of_record
SF:lib/login_page.dart
DA:5,1
DA:10,1
DA:12,1
DA:13,1
DA:26,1
DA:28,1
DA:30,1
DA:43,1
DA:44,1
DA:56,1
DA:57,1
DA:67,1
DA:68,3
DA:69,1
DA:71,1
DA:72,6
DA:73,4
DA:75,0
DA:77,0
LF:19
LH:17
end_of_record
SF:lib/login_successfull.dart
DA:5,1
DA:7,1
DA:9,1
DA:10,1
DA:15,1
DA:17,0
DA:18,0
LF:7
LH:5
end_of_record
